0 info it worked if it ends with ok
1 verbose cli [ '/usr/local/bin/node', '/usr/local/bin/npm', 'publish' ]
2 info using npm@1.1.69
3 info using node@v0.8.16
4 verbose publish [ '.' ]
5 verbose read json /home/matbee/nodejs/redis-pub-sub/package.json
6 verbose cache add [ '.', null ]
7 silly cache add name=undefined spec="." args=[".",null]
8 verbose parsed url { pathname: '.', path: '.', href: '.' }
9 silly lockFile 3a52ce78- .
10 verbose lock . /home/matbee/.npm/3a52ce78-.lock
11 verbose read json package.json
12 verbose tar pack [ '/home/matbee/tmp/npm-3612/1375580522687-0.9281570613384247/tmp.tgz',
12 verbose tar pack   '.' ]
13 verbose tarball /home/matbee/tmp/npm-3612/1375580522687-0.9281570613384247/tmp.tgz
14 verbose folder .
15 info prepublish redis-sub@0.1.0
16 silly lockFile 669373b3-22687-0-9281570613384247-tmp-tgz /home/matbee/tmp/npm-3612/1375580522687-0.9281570613384247/tmp.tgz
17 verbose lock /home/matbee/tmp/npm-3612/1375580522687-0.9281570613384247/tmp.tgz /home/matbee/.npm/669373b3-22687-0-9281570613384247-tmp-tgz.lock
18 silly lockFile 669373b3-22687-0-9281570613384247-tmp-tgz /home/matbee/tmp/npm-3612/1375580522687-0.9281570613384247/tmp.tgz
19 verbose tar unpack /home/matbee/tmp/npm-3612/1375580522687-0.9281570613384247/tmp.tgz
20 silly lockFile bdcf8d68-22687-0-9281570613384247-package /home/matbee/tmp/npm-3612/1375580522687-0.9281570613384247/package
21 verbose lock /home/matbee/tmp/npm-3612/1375580522687-0.9281570613384247/package /home/matbee/.npm/bdcf8d68-22687-0-9281570613384247-package.lock
22 silly gunzTarPerm modes [ '755', '644' ]
23 silly gunzTarPerm extractEntry package.json
24 silly gunzTarPerm modified mode [ 'package.json', 436, 420 ]
25 silly gunzTarPerm extractEntry .npmignore
26 silly gunzTarPerm modified mode [ '.npmignore', 436, 420 ]
27 silly gunzTarPerm extractEntry README.md
28 silly gunzTarPerm modified mode [ 'README.md', 436, 420 ]
29 silly gunzTarPerm extractEntry lib/redisPubSub.js
30 silly gunzTarPerm modified mode [ 'lib/redisPubSub.js', 436, 420 ]
31 silly gunzTarPerm extractEntry spec/redisPubSub.js
32 silly gunzTarPerm modified mode [ 'spec/redisPubSub.js', 436, 420 ]
33 verbose read json /home/matbee/tmp/npm-3612/1375580522687-0.9281570613384247/package/package.json
34 silly lockFile bdcf8d68-22687-0-9281570613384247-package /home/matbee/tmp/npm-3612/1375580522687-0.9281570613384247/package
35 verbose from cache /home/matbee/tmp/npm-3612/1375580522687-0.9281570613384247/package/package.json
36 verbose tar pack [ '/home/matbee/.npm/redis-sub/0.1.0/package.tgz',
36 verbose tar pack   '/home/matbee/tmp/npm-3612/1375580522687-0.9281570613384247/package' ]
37 verbose tarball /home/matbee/.npm/redis-sub/0.1.0/package.tgz
38 verbose folder /home/matbee/tmp/npm-3612/1375580522687-0.9281570613384247/package
39 silly lockFile 80360ce6--npm-redis-sub-0-1-0-package-tgz /home/matbee/.npm/redis-sub/0.1.0/package.tgz
40 verbose lock /home/matbee/.npm/redis-sub/0.1.0/package.tgz /home/matbee/.npm/80360ce6--npm-redis-sub-0-1-0-package-tgz.lock
41 silly lockFile 80360ce6--npm-redis-sub-0-1-0-package-tgz /home/matbee/.npm/redis-sub/0.1.0/package.tgz
42 silly lockFile 70914a2c-tbee-npm-redis-sub-0-1-0-package /home/matbee/.npm/redis-sub/0.1.0/package
43 verbose lock /home/matbee/.npm/redis-sub/0.1.0/package /home/matbee/.npm/70914a2c-tbee-npm-redis-sub-0-1-0-package.lock
44 silly lockFile 70914a2c-tbee-npm-redis-sub-0-1-0-package /home/matbee/.npm/redis-sub/0.1.0/package
45 verbose tar unpack /home/matbee/.npm/redis-sub/0.1.0/package.tgz
46 silly lockFile 70914a2c-tbee-npm-redis-sub-0-1-0-package /home/matbee/.npm/redis-sub/0.1.0/package
47 verbose lock /home/matbee/.npm/redis-sub/0.1.0/package /home/matbee/.npm/70914a2c-tbee-npm-redis-sub-0-1-0-package.lock
48 silly gunzTarPerm modes [ '755', '644' ]
49 silly gunzTarPerm extractEntry package.json
50 silly gunzTarPerm extractEntry .npmignore
51 silly gunzTarPerm extractEntry README.md
52 silly gunzTarPerm extractEntry lib/redisPubSub.js
53 silly gunzTarPerm extractEntry spec/redisPubSub.js
54 verbose read json /home/matbee/.npm/redis-sub/0.1.0/package/package.json
55 silly lockFile 70914a2c-tbee-npm-redis-sub-0-1-0-package /home/matbee/.npm/redis-sub/0.1.0/package
56 silly shasum updated bytes 2240
57 info shasum 6d67d547dbe0c9f9953717f1ffd3a562346ef89e
57 info shasum /home/matbee/.npm/redis-sub/0.1.0/package.tgz
58 verbose from cache /home/matbee/.npm/redis-sub/0.1.0/package/package.json
59 verbose chmod /home/matbee/.npm/redis-sub/0.1.0/package.tgz 644
60 verbose chown /home/matbee/.npm/redis-sub/0.1.0/package.tgz [ 1000, 1000 ]
61 silly lockFile 3a52ce78- .
62 silly publish { name: 'redis-sub',
62 silly publish   version: '0.1.0',
62 silly publish   author: { name: 'Mathieu Gosbee', email: 'mail@matbee.com' },
62 silly publish   main: 'lib/redisPubSub.js',
62 silly publish   directories: { lib: 'lib' },
62 silly publish   dependencies: { redis: '~0.8.2' },
62 silly publish   repository:
62 silly publish    { type: 'git',
62 silly publish      url: 'git://github.com/acidhax/redis-pub-sub.git' },
62 silly publish   readme: 'Node Redis Subscribe\n=================\n\nSmall Redis Subscription wrapper for Node.\nNo need to do anything with redis publish. It\'s just fine.\nThis fixes Redis subscribing. The node way.\n\n## Install\n```bash\n$ npm install redis-sub\n```\n\n## Dependencies\n  - redis : ~0.8.2\n\n## Usage\n\n  - Options\n    - host - default (127.0.0.1) - Set the Redis-server Host IP\n    - port - default (6379) - Set the Redis-server Port #\n    - connect_timeout - default (false) - Client will keep reconnecting until connected. This parameter should be in milliseconds and is counted once the disconnect occurs\n    - max_attempts - default (null) - Client will keep reconnecting until connected. This parameter limits the total amount of reconnects\n    - pubClient - optional - Publish client - write\n    - subClient - optional - Subscribe client - read\n\n```javascript\n  var redisPubSub = require(\'redis-sub\');\n\n  var pubsub = new redisPubSub({}); // <-- Options\n\n  var duckFunc = function(quack) {\n    console.log("QUACK!!?", quack);\n  }\n  pubsub.on(\'ducks\', duckFunc);\n\n  pubsub.pubClient.publish(\'ducks\', "Quack! Quack...? QUUAWWWKWKKK");\n\n  pubsub.removeListener(\'ducks\', duckFunc);\n  // OR\n  pubsub.removeAllListeners(\'ducks\');\n```\n\n## License (MIT)\n\nCopyright 2013 Mathieu Gosbee\n\nPermission is hereby granted, free of charge, to any person obtaining\na copy of this software and associated documentation files (the\n"Software"), to deal in the Software without restriction, including\nwithout limitation the rights to use, copy, modify, merge, publish,\ndistribute, sublicense, and/or sell copies of the Software, and to\npermit persons to whom the Software is furnished to do so, subject to\nthe following conditions:\n\nThe above copyright notice and this permission notice shall be\nincluded in all copies or substantial portions of the Software.\n\nTHE SOFTWARE IS PROVIDED "AS IS", WITHOUT WARRANTY OF ANY KIND,\nEXPRESS OR IMPLIED, INCLUDING BUT NOT LIMITED TO THE WARRANTIES OF\nMERCHANTABILITY, FITNESS FOR A PARTICULAR PURPOSE AND\nNONINFRINGEMENT. IN NO EVENT SHALL THE AUTHORS OR COPYRIGHT HOLDERS BE\nLIABLE FOR ANY CLAIM, DAMAGES OR OTHER LIABILITY, WHETHER IN AN ACTION\nOF CONTRACT, TORT OR OTHERWISE, ARISING FROM, OUT OF OR IN CONNECTION\nWITH THE SOFTWARE OR THE USE OR OTHER DEALINGS IN THE SOFTWARE.',
62 silly publish   readmeFilename: 'README.md',
62 silly publish   _id: 'redis-sub@0.1.0',
62 silly publish   description: 'Node Redis Subscribe =================',
62 silly publish   dist: { shasum: '6d67d547dbe0c9f9953717f1ffd3a562346ef89e' } }
63 verbose url raw redis-sub
64 verbose url resolving [ 'https://registry.npmjs.org/', './redis-sub' ]
65 verbose url resolved https://registry.npmjs.org/redis-sub
66 info trying registry request attempt 1 at 21:42:02
67 http PUT https://registry.npmjs.org/redis-sub
68 http 409 https://registry.npmjs.org/redis-sub
69 verbose url raw redis-sub
70 verbose url resolving [ 'https://registry.npmjs.org/', './redis-sub' ]
71 verbose url resolved https://registry.npmjs.org/redis-sub
72 info trying registry request attempt 1 at 21:42:03
73 http GET https://registry.npmjs.org/redis-sub
74 http 200 https://registry.npmjs.org/redis-sub
75 error publish fail Cannot publish over existing version.
75 error publish fail Bump the 'version' field, set the --force flag, or
75 error publish fail     npm unpublish 'redis-sub@0.1.0'
75 error publish fail and try again
76 error System Linux 3.8.0-27-generic
77 error command "/usr/local/bin/node" "/usr/local/bin/npm" "publish"
78 error cwd /home/matbee/nodejs/redis-pub-sub
79 error node -v v0.8.16
80 error npm -v 1.1.69
81 error code EPUBLISHCONFLICT
82 verbose exit [ 1, true ]
